This file contains any messages produced by compilers while
running configure, to aid debugging if configure makes a mistake.

It was created by configure, which was
generated by GNU Autoconf 2.59.  Invocation command line was

  $ ./configure 

## --------- ##
## Platform. ##
## --------- ##

hostname = tlaloc
uname -m = i686
uname -r = 2.6.18-6-686
uname -s = Linux
uname -v = #1 SMP Sun Feb 10 22:11:31 UTC 2008

/usr/bin/uname -p = unknown
/bin/uname -X     = unknown

/bin/arch              = i686
/usr/bin/arch -k       = unknown
/usr/convex/getsysinfo = unknown
hostinfo               = unknown
/bin/machine           = unknown
/usr/bin/oslevel       = unknown
/bin/universe          = unknown

PATH: /usr/local/ifort10.1/bin
PATH: /usr/local/bin
PATH: /usr/bin
PATH: /bin
PATH: /usr/games
PATH: /etc/scripts
PATH: /etc/etc-clf/scripts
PATH: /users/home/moro/Xfresco/bin
PATH: /usr/local1/bin
PATH: /usr/local1/wp-8/wpbin
PATH: /usr/local1/FFC/bin
PATH: /usr/local2/bin
PATH: /usr/local2/CERNLIB/2002/bin


## ----------- ##
## Core tests. ##
## ----------- ##

configure:1300: checking for a BSD-compatible install
configure:1355: result: /usr/bin/install -c
configure:1366: checking whether build environment is sane
configure:1409: result: yes
configure:1474: checking for gawk
configure:1503: result: no
configure:1474: checking for mawk
configure:1490: found /usr/bin/mawk
configure:1500: result: mawk
configure:1510: checking whether make sets $(MAKE)
configure:1530: result: yes
configure:1713: checking for style of include used by make
configure:1741: result: GNU
configure:1812: checking for gcc
configure:1828: found /usr/bin/gcc
configure:1838: result: gcc
configure:2082: checking for C compiler version
configure:2085: gcc --version </dev/null >&5
gcc (GCC) 4.1.2 20061115 (prerelease) (Debian 4.1.1-21)
Copyright (C) 2006 Free Software Foundation, Inc.
This is free software; see the source for copying conditions.  There is NO
warranty; not even for MERCHANTABILITY or FITNESS FOR A PARTICULAR PURPOSE.

configure:2088: $? = 0
configure:2090: gcc -v </dev/null >&5
Using built-in specs.
Target: i486-linux-gnu
Configured with: ../src/configure -v --enable-languages=c,c++,fortran,objc,obj-c++,treelang --prefix=/usr --enable-shared --with-system-zlib --libexecdir=/usr/lib --without-included-gettext --enable-threads=posix --enable-nls --program-suffix=-4.1 --enable-__cxa_atexit --enable-clocale=gnu --enable-libstdcxx-debug --enable-mpfr --with-tune=i686 --enable-checking=release i486-linux-gnu
Thread model: posix
gcc version 4.1.2 20061115 (prerelease) (Debian 4.1.1-21)
configure:2093: $? = 0
configure:2095: gcc -V </dev/null >&5
gcc: '-V' option must have argument
configure:2098: $? = 1
configure:2121: checking for C compiler default output file name
configure:2124: gcc    conftest.c  >&5
configure:2127: $? = 0
configure:2173: result: a.out
configure:2178: checking whether the C compiler works
configure:2184: ./a.out
configure:2187: $? = 0
configure:2204: result: yes
configure:2211: checking whether we are cross compiling
configure:2213: result: no
configure:2216: checking for suffix of executables
configure:2218: gcc -o conftest    conftest.c  >&5
configure:2221: $? = 0
configure:2246: result: 
configure:2252: checking for suffix of object files
configure:2273: gcc -c   conftest.c >&5
configure:2276: $? = 0
configure:2298: result: o
configure:2302: checking whether we are using the GNU C compiler
configure:2326: gcc -c   conftest.c >&5
configure:2332: $? = 0
configure:2335: test -z 			 || test ! -s conftest.err
configure:2338: $? = 0
configure:2341: test -s conftest.o
configure:2344: $? = 0
configure:2357: result: yes
configure:2363: checking whether gcc accepts -g
configure:2384: gcc -c -g  conftest.c >&5
configure:2390: $? = 0
configure:2393: test -z 			 || test ! -s conftest.err
configure:2396: $? = 0
configure:2399: test -s conftest.o
configure:2402: $? = 0
configure:2413: result: yes
configure:2430: checking for gcc option to accept ANSI C
configure:2500: gcc  -c -g -O2  conftest.c >&5
configure:2506: $? = 0
configure:2509: test -z 			 || test ! -s conftest.err
configure:2512: $? = 0
configure:2515: test -s conftest.o
configure:2518: $? = 0
configure:2536: result: none needed
configure:2554: gcc -c -g -O2  conftest.c >&5
conftest.c:2: error: expected '=', ',', ';', 'asm' or '__attribute__' before 'me'
configure:2560: $? = 1
configure: failed program was:
| #ifndef __cplusplus
|   choke me
| #endif
configure:2692: checking dependency style of gcc
configure:2782: result: gcc3
configure:2800: checking for library containing strerror
configure:2830: gcc -o conftest -g -O2   conftest.c  >&5
configure:2836: $? = 0
configure:2839: test -z 			 || test ! -s conftest.err
configure:2842: $? = 0
configure:2845: test -s conftest
configure:2848: $? = 0
configure:2917: result: none required
configure:2970: checking for gcc
configure:2996: result: gcc
configure:3240: checking for C compiler version
configure:3243: gcc --version </dev/null >&5
gcc (GCC) 4.1.2 20061115 (prerelease) (Debian 4.1.1-21)
Copyright (C) 2006 Free Software Foundation, Inc.
This is free software; see the source for copying conditions.  There is NO
warranty; not even for MERCHANTABILITY or FITNESS FOR A PARTICULAR PURPOSE.

configure:3246: $? = 0
configure:3248: gcc -v </dev/null >&5
Using built-in specs.
Target: i486-linux-gnu
Configured with: ../src/configure -v --enable-languages=c,c++,fortran,objc,obj-c++,treelang --prefix=/usr --enable-shared --with-system-zlib --libexecdir=/usr/lib --without-included-gettext --enable-threads=posix --enable-nls --program-suffix=-4.1 --enable-__cxa_atexit --enable-clocale=gnu --enable-libstdcxx-debug --enable-mpfr --with-tune=i686 --enable-checking=release i486-linux-gnu
Thread model: posix
gcc version 4.1.2 20061115 (prerelease) (Debian 4.1.1-21)
configure:3251: $? = 0
configure:3253: gcc -V </dev/null >&5
gcc: '-V' option must have argument
configure:3256: $? = 1
configure:3259: checking whether we are using the GNU C compiler
configure:3314: result: yes
configure:3320: checking whether gcc accepts -g
configure:3370: result: yes
configure:3387: checking for gcc option to accept ANSI C
configure:3493: result: none needed
configure:3511: gcc -c -g -O2  conftest.c >&5
conftest.c:2: error: expected '=', ',', ';', 'asm' or '__attribute__' before 'me'
configure:3517: $? = 1
configure: failed program was:
| #ifndef __cplusplus
|   choke me
| #endif
configure:3649: checking dependency style of gcc
configure:3739: result: gcc3
configure:3802: checking for gcc
configure:3828: result: gcc
configure:4072: checking for C compiler version
configure:4075: gcc --version </dev/null >&5
gcc (GCC) 4.1.2 20061115 (prerelease) (Debian 4.1.1-21)
Copyright (C) 2006 Free Software Foundation, Inc.
This is free software; see the source for copying conditions.  There is NO
warranty; not even for MERCHANTABILITY or FITNESS FOR A PARTICULAR PURPOSE.

configure:4078: $? = 0
configure:4080: gcc -v </dev/null >&5
Using built-in specs.
Target: i486-linux-gnu
Configured with: ../src/configure -v --enable-languages=c,c++,fortran,objc,obj-c++,treelang --prefix=/usr --enable-shared --with-system-zlib --libexecdir=/usr/lib --without-included-gettext --enable-threads=posix --enable-nls --program-suffix=-4.1 --enable-__cxa_atexit --enable-clocale=gnu --enable-libstdcxx-debug --enable-mpfr --with-tune=i686 --enable-checking=release i486-linux-gnu
Thread model: posix
gcc version 4.1.2 20061115 (prerelease) (Debian 4.1.1-21)
configure:4083: $? = 0
configure:4085: gcc -V </dev/null >&5
gcc: '-V' option must have argument
configure:4088: $? = 1
configure:4091: checking whether we are using the GNU C compiler
configure:4146: result: yes
configure:4152: checking whether gcc accepts -g
configure:4202: result: yes
configure:4219: checking for gcc option to accept ANSI C
configure:4325: result: none needed
configure:4343: gcc -c -g -O2  conftest.c >&5
conftest.c:2: error: expected '=', ',', ';', 'asm' or '__attribute__' before 'me'
configure:4349: $? = 1
configure: failed program was:
| #ifndef __cplusplus
|   choke me
| #endif
configure:4481: checking dependency style of gcc
configure:4571: result: gcc3
configure:4596: checking how to run the C preprocessor
configure:4631: gcc -E  conftest.c
configure:4637: $? = 0
configure:4669: gcc -E  conftest.c
conftest.c:11:28: error: ac_nonexistent.h: No such file or directory
configure:4675: $? = 1
configure: failed program was:
| /* confdefs.h.  */
| 
| #define PACKAGE_NAME ""
| #define PACKAGE_TARNAME ""
| #define PACKAGE_VERSION ""
| #define PACKAGE_STRING ""
| #define PACKAGE_BUGREPORT ""
| #define PACKAGE "xfresco"
| #define VERSION "2.0"
| /* end confdefs.h.  */
| #include <ac_nonexistent.h>
configure:4714: result: gcc -E
configure:4738: gcc -E  conftest.c
configure:4744: $? = 0
configure:4776: gcc -E  conftest.c
conftest.c:11:28: error: ac_nonexistent.h: No such file or directory
configure:4782: $? = 1
configure: failed program was:
| /* confdefs.h.  */
| 
| #define PACKAGE_NAME ""
| #define PACKAGE_TARNAME ""
| #define PACKAGE_VERSION ""
| #define PACKAGE_STRING ""
| #define PACKAGE_BUGREPORT ""
| #define PACKAGE "xfresco"
| #define VERSION "2.0"
| /* end confdefs.h.  */
| #include <ac_nonexistent.h>
configure:4826: checking for egrep
configure:4836: result: grep -E
configure:4841: checking for ANSI C header files
configure:4866: gcc -c -g -O2  conftest.c >&5
configure:4872: $? = 0
configure:4875: test -z 			 || test ! -s conftest.err
configure:4878: $? = 0
configure:4881: test -s conftest.o
configure:4884: $? = 0
configure:4973: gcc -o conftest -g -O2   conftest.c  >&5
conftest.c: In function 'main':
conftest.c:28: warning: incompatible implicit declaration of built-in function 'exit'
configure:4976: $? = 0
configure:4978: ./conftest
configure:4981: $? = 0
configure:4996: result: yes
configure:5164: creating ./config.status

## ---------------------- ##
## Running config.status. ##
## ---------------------- ##

This file was extended by config.status, which was
generated by GNU Autoconf 2.59.  Invocation command line was

  CONFIG_FILES    = 
  CONFIG_HEADERS  = 
  CONFIG_LINKS    = 
  CONFIG_COMMANDS = 
  $ ./config.status 

on tlaloc

config.status:728: creating Makefile
config.status:794: creating config.h
config.status:1066: executing depfiles commands

## ---------------- ##
## Cache variables. ##
## ---------------- ##

ac_cv_c_compiler_gnu=yes
ac_cv_env_CC_set=
ac_cv_env_CC_value=
ac_cv_env_CFLAGS_set=
ac_cv_env_CFLAGS_value=
ac_cv_env_CPPFLAGS_set=
ac_cv_env_CPPFLAGS_value=
ac_cv_env_CPP_set=
ac_cv_env_CPP_value=
ac_cv_env_LDFLAGS_set=
ac_cv_env_LDFLAGS_value=
ac_cv_env_build_alias_set=
ac_cv_env_build_alias_value=
ac_cv_env_host_alias_set=
ac_cv_env_host_alias_value=
ac_cv_env_target_alias_set=
ac_cv_env_target_alias_value=
ac_cv_exeext=
ac_cv_header_stdc=yes
ac_cv_objext=o
ac_cv_path_install='/usr/bin/install -c'
ac_cv_prog_AWK=mawk
ac_cv_prog_CPP='gcc -E'
ac_cv_prog_ac_ct_CC=gcc
ac_cv_prog_cc_g=yes
ac_cv_prog_cc_stdc=
ac_cv_prog_egrep='grep -E'
ac_cv_prog_make_make_set=yes
ac_cv_search_strerror='none required'
am_cv_CC_dependencies_compiler_type=gcc3
am_cv_prog_cc_stdc=

## ----------------- ##
## Output variables. ##
## ----------------- ##

ACLOCAL='${SHELL} /users/home/moro/xfresco/xfresco-2.1/missing --run aclocal-1.9'
AMDEPBACKSLASH='\'
AMDEP_FALSE='#'
AMDEP_TRUE=''
AMTAR='${SHELL} /users/home/moro/xfresco/xfresco-2.1/missing --run tar'
AUTOCONF='${SHELL} /users/home/moro/xfresco/xfresco-2.1/missing --run autoconf'
AUTOHEADER='${SHELL} /users/home/moro/xfresco/xfresco-2.1/missing --run autoheader'
AUTOMAKE='${SHELL} /users/home/moro/xfresco/xfresco-2.1/missing --run automake-1.9'
AWK='mawk'
CC='gcc'
CCDEPMODE='depmode=gcc3'
CFLAGS='-g -O2 -Wall'
CPP='gcc -E'
CPPFLAGS=''
CYGPATH_W='echo'
DEFS='-DHAVE_CONFIG_H'
DEPDIR='.deps'
ECHO_C=''
ECHO_N='-n'
ECHO_T=''
EGREP='grep -E'
EXEEXT=''
INSTALL_DATA='${INSTALL} -m 644'
INSTALL_PROGRAM='${INSTALL}'
INSTALL_SCRIPT='${INSTALL}'
INSTALL_STRIP_PROGRAM='${SHELL} $(install_sh) -c -s'
LDFLAGS=''
LIBOBJS=''
LIBS=''
LTLIBOBJS=''
MAKEINFO='${SHELL} /users/home/moro/xfresco/xfresco-2.1/missing --run makeinfo'
OBJEXT='o'
PACKAGE='xfresco'
PACKAGE_BUGREPORT=''
PACKAGE_NAME=''
PACKAGE_STRING=''
PACKAGE_TARNAME=''
PACKAGE_VERSION=''
PATH_SEPARATOR=':'
SET_MAKE=''
SHELL='/bin/sh'
STRIP=''
VERSION='2.0'
ac_ct_CC='gcc'
ac_ct_STRIP=''
am__fastdepCC_FALSE='#'
am__fastdepCC_TRUE=''
am__include='include'
am__leading_dot='.'
am__quote=''
am__tar='${AMTAR} chof - "$$tardir"'
am__untar='${AMTAR} xf -'
bindir='${exec_prefix}/bin'
build_alias=''
datadir='${prefix}/share'
exec_prefix='${prefix}'
host_alias=''
includedir='${prefix}/include'
infodir='${prefix}/info'
install_sh='/users/home/moro/xfresco/xfresco-2.1/install-sh'
libdir='${exec_prefix}/lib'
libexecdir='${exec_prefix}/libexec'
localstatedir='${prefix}/var'
mandir='${prefix}/man'
mkdir_p='mkdir -p --'
oldincludedir='/usr/include'
prefix='/usr/local'
program_transform_name='s,x,x,'
sbindir='${exec_prefix}/sbin'
sharedstatedir='${prefix}/com'
sysconfdir='${prefix}/etc'
target_alias=''

## ----------- ##
## confdefs.h. ##
## ----------- ##

#define PACKAGE "xfresco"
#define PACKAGE_BUGREPORT ""
#define PACKAGE_DATA_DIR "/usr/local/share/xfresco"
#define PACKAGE_NAME ""
#define PACKAGE_SOURCE_DIR "/users/home/moro/xfresco/xfresco-2.1/src"
#define PACKAGE_STRING ""
#define PACKAGE_TARNAME ""
#define PACKAGE_VERSION ""
#define STDC_HEADERS 1
#define VERSION "2.0"

configure: exit 0
